Arguments: 
  /usr/local/bin/node /usr/local/bin/yarn install

PATH: 
  /Users/robinsonkameron/.rvm/gems/ruby-2.2.1/bin:/Users/robinsonkameron/.rvm/gems/ruby-2.2.1@global/bin:/Users/robinsonkameron/.rvm/rubies/ruby-2.2.1/bin:/usr/local/bin:/usr/bin:/bin:/usr/sbin:/sbin:/opt/X11/bin:/Users/robinsonkameron/.rvm/bin

Yarn version: 
  0.20.3

Node version: 
  7.7.2

Platform: 
  darwin x64

npm manifest: 
  {
    "name": "bitcamp2017",
    "version": "0.0.0",
    "private": true,
    "scripts": {
      "start": "node ./bin/www"
    },
    "dependencies": {
      "body-parser": "~1.13.2",
      "cookie-parser": "~1.3.5",
      "debug": "~2.2.0",
      "express": "~4.13.1",
      "jade": "~1.11.0",
      "morgan": "~1.6.1",
      "serve-favicon": "~2.3.0"
    }
  }

yarn manifest: 
  No manifest

Lockfile: 
  No lockfile

Trace: 
  Error: getaddrinfo ENOTFOUND registry.yarnpkg.com registry.yarnpkg.com:443
      at errnoException (dns.js:28:10)
      at GetAddrInfoReqWrap.onlookup [as oncomplete] (dns.js:73:26)
